2026-02-16T08:36:31.619+01:00  INFO 13780 --- [pos-new] [restartedMain] org.odema.posnew.PosNewApplication       : Starting PosNewApplication using Java 25.0.2 with PID 13780 (H:\Pos_MIKILI\pos-new\target\classes started by Administrator in H:\Pos_MIKILI\pos-new)
2026-02-16T08:36:31.682+01:00 DEBUG 13780 --- [pos-new] [restartedMain] org.odema.posnew.PosNewApplication       : Running with Spring Boot v4.0.2, Spring v7.0.3
2026-02-16T08:36:31.684+01:00  INFO 13780 --- [pos-new] [restartedMain] org.odema.posnew.PosNewApplication       : No active profile set, falling back to 1 default profile: "default"
2026-02-16T08:36:31.948+01:00  INFO 13780 --- [pos-new] [restartedMain] .e.DevToolsPropertyDefaultsPostProcessor : Devtools property defaults active! Set 'spring.devtools.add-properties' to 'false' to disable
2026-02-16T08:36:31.949+01:00  INFO 13780 --- [pos-new] [restartedMain] .e.DevToolsPropertyDefaultsPostProcessor : For additional web related logging consider setting the 'logging.level.web' property to 'DEBUG'
2026-02-16T08:36:31.994+01:00  INFO 13780 --- [pos-new] [restartedMain] .s.b.d.c.l.DockerComposeLifecycleManager : Using Docker Compose file H:\Pos_MIKILI\pos-new\compose.yaml
2026-02-16T08:36:35.365+01:00  INFO 13780 --- [pos-new] [restartedMain] .s.b.d.c.l.DockerComposeLifecycleManager : There are already Docker Compose services running, skipping startup
2026-02-16T08:36:38.474+01:00  INFO 13780 --- [pos-new] [restartedMain] .s.d.r.c.RepositoryConfigurationDelegate : Bootstrapping Spring Data JPA repositories in DEFAULT mode.
2026-02-16T08:36:38.689+01:00  INFO 13780 --- [pos-new] [restartedMain] .s.d.r.c.RepositoryConfigurationDelegate : Finished Spring Data repository scanning in 194 ms. Found 12 JPA repository interfaces.
2026-02-16T08:36:40.224+01:00  INFO 13780 --- [pos-new] [restartedMain] o.s.boot.tomcat.TomcatWebServer          : Tomcat initialized with port 8080 (http)
2026-02-16T08:36:40.251+01:00  INFO 13780 --- [pos-new] [restartedMain] o.apache.catalina.core.StandardService   : Starting service [Tomcat]
2026-02-16T08:36:40.253+01:00  INFO 13780 --- [pos-new] [restartedMain] o.apache.catalina.core.StandardEngine    : Starting Servlet engine: [Apache Tomcat/11.0.15]
2026-02-16T08:36:40.351+01:00  INFO 13780 --- [pos-new] [restartedMain] b.w.c.s.WebApplicationContextInitializer : Root WebApplicationContext: initialization completed in 4968 ms
2026-02-16T08:36:40.697+01:00  INFO 13780 --- [pos-new] [restartedMain] org.hibernate.orm.jpa                    : HHH008540: Processing PersistenceUnitInfo [name: default]
2026-02-16T08:36:40.887+01:00  INFO 13780 --- [pos-new] [restartedMain] org.hibernate.orm.core                   : HHH000001: Hibernate ORM core version 7.2.1.Final
2026-02-16T08:36:46.695+01:00  INFO 13780 --- [pos-new] [restartedMain] o.s.o.j.p.SpringPersistenceUnitInfo      : No LoadTimeWeaver setup: ignoring JPA class transformer
2026-02-16T08:36:47.137+01:00  INFO 13780 --- [pos-new] [restartedMain] com.zaxxer.hikari.HikariDataSource       : HikariPool-1 - Starting...
2026-02-16T08:36:50.863+01:00  INFO 13780 --- [pos-new] [restartedMain] com.zaxxer.hikari.pool.HikariPool        : HikariPool-1 - Added connection org.postgresql.jdbc.PgConnection@3f6271f7
2026-02-16T08:36:50.867+01:00  INFO 13780 --- [pos-new] [restartedMain] com.zaxxer.hikari.HikariDataSource       : HikariPool-1 - Start completed.
2026-02-16T08:36:55.399+01:00  WARN 13780 --- [pos-new] [restartedMain] org.hibernate.orm.deprecation            : HHH90000025: PostgreSQLDialect does not need to be specified explicitly using 'hibernate.dialect' (remove the property setting and it will be selected by default)
2026-02-16T08:36:56.098+01:00  INFO 13780 --- [pos-new] [restartedMain] org.hibernate.orm.connections.pooling    : HHH10001005: Database info:
	Database JDBC URL [jdbc:postgresql://127.0.0.1:54322/pos_db?ApplicationName=pos-new]
	Database driver: PostgreSQL JDBC Driver
	Database dialect: PostgreSQLDialect
	Database version: 18.1
	Default catalog/schema: pos_db/public
	Autocommit mode: undefined/unknown
	Isolation level: READ_COMMITTED [default READ_COMMITTED]
	JDBC fetch size: none
	Pool: DataSourceConnectionProvider
	Minimum pool size: undefined/unknown
	Maximum pool size: undefined/unknown
2026-02-16T08:37:09.892+01:00  INFO 13780 --- [pos-new] [restartedMain] org.hibernate.orm.core                   : HHH000489: No JTA platform available (set 'hibernate.transaction.jta.platform' to enable JTA platform integration)
2026-02-16T08:37:10.730+01:00  INFO 13780 --- [pos-new] [restartedMain] j.LocalContainerEntityManagerFactoryBean : Initialized JPA EntityManagerFactory for persistence unit 'default'
2026-02-16T08:37:10.996+01:00  INFO 13780 --- [pos-new] [restartedMain] o.s.d.j.r.query.QueryEnhancerFactories   : Hibernate is in classpath; If applicable, HQL parser will be used.
2026-02-16T08:37:13.936+01:00 DEBUG 13780 --- [pos-new] [restartedMain] o.o.p.security.JwtAuthenticationFilter   : Filter 'jwtAuthenticationFilter' configured for use
2026-02-16T08:37:15.232+01:00  INFO 13780 --- [pos-new] [restartedMain] eAuthenticationProviderManagerConfigurer : Global AuthenticationManager configured with AuthenticationProvider bean with name authenticationProvider
2026-02-16T08:37:15.233+01:00  WARN 13780 --- [pos-new] [restartedMain] r$InitializeUserDetailsManagerConfigurer : Global AuthenticationManager configured with an AuthenticationProvider bean. UserDetailsService beans will not be used by Spring Security for automatically configuring username/password login. Consider removing the AuthenticationProvider bean. Alternatively, consider using the UserDetailsService in a manually instantiated DaoAuthenticationProvider. If the current configuration is intentional, to turn off this warning, increase the logging level of 'org.springframework.security.config.annotation.authentication.configuration.InitializeUserDetailsBeanManagerConfigurer' to ERROR
2026-02-16T08:37:18.105+01:00  WARN 13780 --- [pos-new] [restartedMain] JpaBaseConfiguration$JpaWebConfiguration : spring.jpa.open-in-view is enabled by default. Therefore, database queries may be performed during view rendering. Explicitly configure spring.jpa.open-in-view to disable this warning
2026-02-16T08:37:18.761+01:00 DEBUG 13780 --- [pos-new] [restartedMain] o.s.s.web.DefaultSecurityFilterChain     : Will secure any request with filters: DisableEncodeUrlFilter, WebAsyncManagerIntegrationFilter, SecurityContextHolderFilter, HeaderWriterFilter, CorsFilter, LogoutFilter, JwtAuthenticationFilter, RequestCacheAwareFilter, SecurityContextHolderAwareRequestFilter, AnonymousAuthenticationFilter, SessionManagementFilter, ExceptionTranslationFilter, AuthorizationFilter
2026-02-16T08:37:20.292+01:00 DEBUG 13780 --- [pos-new] [restartedMain] o.s.c.e.EventListenerMethodProcessor     : 4 @EventListener methods processed on bean 'orderEventListener': {public void org.odema.posnew.design.event.OrderEventListener.handleOrderCancelled(org.odema.posnew.design.event.OrderCancelledEvent)=@org.springframework.context.event.EventListener(classes={}, condition="", defaultExecution=true, id="", value={}), public void org.odema.posnew.design.event.OrderEventListener.handlePaymentReceived(org.odema.posnew.design.event.PaymentReceivedEvent)=@org.springframework.context.event.EventListener(classes={}, condition="", defaultExecution=true, id="", value={}), public void org.odema.posnew.design.event.OrderEventListener.handleOrderCreated(org.odema.posnew.design.event.OrderCreatedEvent)=@org.springframework.context.event.EventListener(classes={}, condition="", defaultExecution=true, id="", value={}), public void org.odema.posnew.design.event.OrderEventListener.handleOrderCompleted(org.odema.posnew.design.event.OrderCompletedEvent)=@org.springframework.context.event.EventListener(classes={}, condition="", defaultExecution=true, id="", value={})}
2026-02-16T08:37:20.300+01:00 DEBUG 13780 --- [pos-new] [restartedMain] o.s.c.e.EventListenerMethodProcessor     : 1 @EventListener methods processed on bean 'springDocAppInitializer': {public void org.springdoc.core.events.SpringDocAppInitializer.init()=@org.springframework.context.event.EventListener(classes={org.springframework.boot.context.event.ApplicationReadyEvent.class}, condition="", defaultExecution=true, id="", value={org.springframework.boot.context.event.ApplicationReadyEvent.class})}
2026-02-16T08:37:20.302+01:00 DEBUG 13780 --- [pos-new] [restartedMain] o.s.c.e.EventListenerMethodProcessor     : 1 @EventListener methods processed on bean 'springDocSwaggerInitializer': {public void org.springdoc.core.events.SpringDocAppInitializer.init()=@org.springframework.context.event.EventListener(classes={org.springframework.boot.context.event.ApplicationReadyEvent.class}, condition="", defaultExecution=true, id="", value={org.springframework.boot.context.event.ApplicationReadyEvent.class})}
2026-02-16T08:37:20.422+01:00  INFO 13780 --- [pos-new] [restartedMain] o.s.boot.tomcat.TomcatWebServer          : Tomcat started on port 8080 (http) with context path '/api/v1'
2026-02-16T08:37:20.443+01:00  INFO 13780 --- [pos-new] [restartedMain] org.odema.posnew.PosNewApplication       : Started PosNewApplication in 50.549 seconds (process running for 64.798)
2026-02-16T08:38:17.379+01:00  INFO 13780 --- [pos-new] [http-nio-8080-exec-1] o.a.c.c.C.[.[localhost].[/api/v1]        : Initializing Spring DispatcherServlet 'dispatcherServlet'
2026-02-16T08:38:17.385+01:00  INFO 13780 --- [pos-new] [http-nio-8080-exec-1] o.s.web.servlet.DispatcherServlet        : Initializing Servlet 'dispatcherServlet'
2026-02-16T08:38:17.475+01:00  INFO 13780 --- [pos-new] [http-nio-8080-exec-1] o.s.web.servlet.DispatcherServlet        : Completed initialization in 89 ms
2026-02-16T08:38:17.530+01:00 DEBUG 13780 --- [pos-new] [http-nio-8080-exec-1] o.s.security.web.FilterChainProxy        : Securing OPTIONS /dashboard/overview?startDate=2026-01-17&endDate=2026-02-16
2026-02-16T08:38:17.532+01:00 DEBUG 13780 --- [pos-new] [http-nio-8080-exec-3] o.s.security.web.FilterChainProxy        : Securing OPTIONS /shift-reports/cashier/open
2026-02-16T08:38:17.924+01:00 DEBUG 13780 --- [pos-new] [http-nio-8080-exec-2] o.s.security.web.FilterChainProxy        : Securing GET /shift-reports/cashier/open
2026-02-16T08:38:17.927+01:00 DEBUG 13780 --- [pos-new] [http-nio-8080-exec-4] o.s.security.web.FilterChainProxy        : Securing GET /dashboard/overview?startDate=2026-01-17&endDate=2026-02-16
2026-02-16T08:38:20.502+01:00 DEBUG 13780 --- [pos-new] [http-nio-8080-exec-4] o.s.security.web.FilterChainProxy        : Secured GET /dashboard/overview?startDate=2026-01-17&endDate=2026-02-16
2026-02-16T08:38:20.512+01:00 DEBUG 13780 --- [pos-new] [http-nio-8080-exec-2] o.s.security.web.FilterChainProxy        : Secured GET /shift-reports/cashier/open
2026-02-16T08:38:20.977+01:00 DEBUG 13780 --- [pos-new] [http-nio-8080-exec-2] horizationManagerBeforeMethodInterceptor : Authorizing method invocation ReflectiveMethodInvocation: public org.springframework.http.ResponseEntity org.odema.posnew.controller.ShiftReportController.getOpenShift(org.odema.posnew.security.CustomUserDetails); target is of class [org.odema.posnew.controller.ShiftReportController]
2026-02-16T08:38:21.155+01:00 DEBUG 13780 --- [pos-new] [http-nio-8080-exec-4] horizationManagerBeforeMethodInterceptor : Authorizing method invocation ReflectiveMethodInvocation: public org.springframework.http.ResponseEntity org.odema.posnew.controller.DashboardController.getDashboardOverview(org.odema.posnew.security.CustomUserDetails,java.time.LocalDate,java.time.LocalDate); target is of class [org.odema.posnew.controller.DashboardController]
2026-02-16T08:38:21.161+01:00 DEBUG 13780 --- [pos-new] [http-nio-8080-exec-2] horizationManagerBeforeMethodInterceptor : Authorized method invocation ReflectiveMethodInvocation: public org.springframework.http.ResponseEntity org.odema.posnew.controller.ShiftReportController.getOpenShift(org.odema.posnew.security.CustomUserDetails); target is of class [org.odema.posnew.controller.ShiftReportController]
2026-02-16T08:38:21.161+01:00 DEBUG 13780 --- [pos-new] [http-nio-8080-exec-4] horizationManagerBeforeMethodInterceptor : Authorized method invocation ReflectiveMethodInvocation: public org.springframework.http.ResponseEntity org.odema.posnew.controller.DashboardController.getDashboardOverview(org.odema.posnew.security.CustomUserDetails,java.time.LocalDate,java.time.LocalDate); target is of class [org.odema.posnew.controller.DashboardController]
